2013-12-19T19:25:46+08:00 [ERROR] 503 /login.html -- 127.0.0.1 Mozilla/5.0 (Windows NT 6.1) AppleWebKit/537.36 (KHTML, like Gecko) Chrome/29.0.1547.66 Safari/537.36 LBBROWSER open G:\go\src\github.com\fuxiaohei\GoBlog/theme/admin/login.html: The system cannot find the path specified. G:/go/src/github.com/fuxiaohei/GoInk/app.go:69 (0x4284a7)
	com/fuxiaohei/GoInk.func.002: this.Logger.Error("[ERROR]", http.StatusServiceUnavailable, context.Url, "--", context.Ip, context.UserAgent, e, string(debug.Stack()))
C:/Users/ADMINI~1/AppData/Local/Temp/2/bindist550409343/go/src/pkg/runtime/panic.c:248 (0x411a18)
G:/go/src/github.com/fuxiaohei/GoInk/Core/context.go:196 (0x45b849)
	com/fuxiaohei/GoInk/Core.(*Context).Render: panic(e)
G:/go/src/github.com/fuxiaohei/GoBlog/app/handler/login.go:7 (0x4277bf)
	com/fuxiaohei/GoBlog/app/handler.Login: context.Render("admin/login.html",nil)
G:/go/src/github.com/fuxiaohei/GoInk/app.go:133 (0x4293f5)
	com/fuxiaohei/GoInk.func.004: result := fn(context)
G:/go/src/github.com/fuxiaohei/GoInk/app.go:85 (0x428fd1)
	com/fuxiaohei/GoInk.func.003: this.dispatchFunc(context)
C:/Users/ADMINI~1/AppData/Local/Temp/2/bindist550409343/go/src/pkg/net/http/server.go:1220 (0x46e1bd)
C:/Users/ADMINI~1/AppData/Local/Temp/2/bindist550409343/go/src/pkg/net/http/server.go:1496 (0x46f23f)
C:/Users/ADMINI~1/AppData/Local/Temp/2/bindist550409343/go/src/pkg/net/http/server.go:1597 (0x46f862)
C:/Users/ADMINI~1/AppData/Local/Temp/2/bindist550409343/go/src/pkg/net/http/server.go:1167 (0x46deb0)
C:/Users/ADMINI~1/AppData/Local/Temp/2/bindist550409343/go/src/pkg/runtime/proc.c:1394 (0x415aa0)

2013-12-21T00:49:44+08:00 [ERROR] 503 /admin/ -- 127.0.0.1 Mozilla/5.0 (Windows NT 6.1) AppleWebKit/537.36 (KHTML, like Gecko) Chrome/29.0.1547.66 Safari/537.36 LBBROWSER open G:\go\src\github.com\fuxiaohei\GoBlog/theme/admin.layout: The system cannot find the file specified. G:/go/src/github.com/fuxiaohei/GoInk/app.go:69 (0x429567)
	com/fuxiaohei/GoInk.func.002: this.Logger.Error("[ERROR]", http.StatusServiceUnavailable, context.Url, "--", context.Ip, context.UserAgent, e, string(debug.Stack()))
C:/Users/ADMINI~1/AppData/Local/Temp/2/bindist550409343/go/src/pkg/runtime/panic.c:248 (0x411a18)
G:/go/src/github.com/fuxiaohei/GoInk/Core/context.go:196 (0x45c809)
	com/fuxiaohei/GoInk/Core.(*Context).Render: panic(e)
G:/go/src/github.com/fuxiaohei/GoBlog/app/handler/admin.go:13 (0x427982)
	com/fuxiaohei/GoBlog/app/handler.Admin: })
G:/go/src/github.com/fuxiaohei/GoInk/app.go:133 (0x42a4b5)
	com/fuxiaohei/GoInk.func.004: result := fn(context)
G:/go/src/github.com/fuxiaohei/GoInk/app.go:85 (0x42a091)
	com/fuxiaohei/GoInk.func.003: this.dispatchFunc(context)
C:/Users/ADMINI~1/AppData/Local/Temp/2/bindist550409343/go/src/pkg/net/http/server.go:1220 (0x480ddd)
C:/Users/ADMINI~1/AppData/Local/Temp/2/bindist550409343/go/src/pkg/net/http/server.go:1496 (0x481e5f)
C:/Users/ADMINI~1/AppData/Local/Temp/2/bindist550409343/go/src/pkg/net/http/server.go:1597 (0x482482)
C:/Users/ADMINI~1/AppData/Local/Temp/2/bindist550409343/go/src/pkg/net/http/server.go:1167 (0x480ad0)
C:/Users/ADMINI~1/AppData/Local/Temp/2/bindist550409343/go/src/pkg/runtime/proc.c:1394 (0x415aa0)

2013-12-21T14:44:35+08:00 [ERROR] 503 /admin/ -- 127.0.0.1 Mozilla/5.0 (Windows NT 6.1) AppleWebKit/537.36 (KHTML, like Gecko) Chrome/29.0.1547.66 Safari/537.36 LBBROWSER no layout admin G:/go/src/github.com/fuxiaohei/GoInk/app.go:70 (0x429a87)
	com/fuxiaohei/GoInk.func.002: this.Logger.Error("[ERROR]", http.StatusServiceUnavailable, context.Url, "--", context.Ip, context.UserAgent, e, string(debug.Stack()))
C:/Users/ADMINI~1/AppData/Local/Temp/2/bindist550409343/go/src/pkg/runtime/panic.c:248 (0x411a18)
G:/go/src/github.com/fuxiaohei/GoInk/Core/context.go:196 (0x45cd29)
	com/fuxiaohei/GoInk/Core.(*Context).Render: panic(e)
G:/go/src/github.com/fuxiaohei/GoBlog/app/handler/admin.go:14 (0x427b25)
	com/fuxiaohei/GoBlog/app/handler.Admin: })
G:/go/src/github.com/fuxiaohei/GoInk/app.go:134 (0x42a9d5)
	com/fuxiaohei/GoInk.func.004: result := fn(context)
G:/go/src/github.com/fuxiaohei/GoInk/app.go:86 (0x42a5f0)
	com/fuxiaohei/GoInk.func.003: this.dispatchFunc(context)
C:/Users/ADMINI~1/AppData/Local/Temp/2/bindist550409343/go/src/pkg/net/http/server.go:1220 (0x4812fd)
C:/Users/ADMINI~1/AppData/Local/Temp/2/bindist550409343/go/src/pkg/net/http/server.go:1496 (0x48237f)
C:/Users/ADMINI~1/AppData/Local/Temp/2/bindist550409343/go/src/pkg/net/http/server.go:1597 (0x4829a2)
C:/Users/ADMINI~1/AppData/Local/Temp/2/bindist550409343/go/src/pkg/net/http/server.go:1167 (0x480ff0)
C:/Users/ADMINI~1/AppData/Local/Temp/2/bindist550409343/go/src/pkg/runtime/proc.c:1394 (0x415aa0)

2013-12-21T14:45:19+08:00 [ERROR] 503 /admin/ -- 127.0.0.1 Mozilla/5.0 (Windows NT 6.1) AppleWebKit/537.36 (KHTML, like Gecko) Chrome/29.0.1547.66 Safari/537.36 LBBROWSER no layout admin G:/go/src/github.com/fuxiaohei/GoInk/app.go:70 (0x429a87)
	com/fuxiaohei/GoInk.func.002: this.Logger.Error("[ERROR]", http.StatusServiceUnavailable, context.Url, "--", context.Ip, context.UserAgent, e, string(debug.Stack()))
C:/Users/ADMINI~1/AppData/Local/Temp/2/bindist550409343/go/src/pkg/runtime/panic.c:248 (0x411a18)
G:/go/src/github.com/fuxiaohei/GoInk/Core/context.go:196 (0x45cd29)
	com/fuxiaohei/GoInk/Core.(*Context).Render: panic(e)
G:/go/src/github.com/fuxiaohei/GoBlog/app/handler/admin.go:14 (0x427b25)
	com/fuxiaohei/GoBlog/app/handler.Admin: })
G:/go/src/github.com/fuxiaohei/GoInk/app.go:134 (0x42a9d5)
	com/fuxiaohei/GoInk.func.004: result := fn(context)
G:/go/src/github.com/fuxiaohei/GoInk/app.go:86 (0x42a5f0)
	com/fuxiaohei/GoInk.func.003: this.dispatchFunc(context)
C:/Users/ADMINI~1/AppData/Local/Temp/2/bindist550409343/go/src/pkg/net/http/server.go:1220 (0x4812fd)
C:/Users/ADMINI~1/AppData/Local/Temp/2/bindist550409343/go/src/pkg/net/http/server.go:1496 (0x48237f)
C:/Users/ADMINI~1/AppData/Local/Temp/2/bindist550409343/go/src/pkg/net/http/server.go:1597 (0x4829a2)
C:/Users/ADMINI~1/AppData/Local/Temp/2/bindist550409343/go/src/pkg/net/http/server.go:1167 (0x480ff0)
C:/Users/ADMINI~1/AppData/Local/Temp/2/bindist550409343/go/src/pkg/runtime/proc.c:1394 (0x415aa0)

2013-12-21T14:46:10+08:00 [CRASH] open G:\go\src\github.com\fuxiaohei\GoBlog/theme/admin/layout.html: The system cannot find the file specified. G:/go/src/github.com/fuxiaohei/GoInk/app.go:23 (0x428ec3)
	com/fuxiaohei/GoInk.(*Simple).Crash: this.Logger.Error("[CRASH]", e, string(debug.Stack()))
G:/go/src/github.com/fuxiaohei/GoBlog/app/handler/init.go:9 (0x427ed3)
	com/fuxiaohei/GoBlog/app/handler.Init: app.Ink.Crash(e)
G:/go/src/github.com/fuxiaohei/GoBlog/main.go:17 (0x40102a)
	main: handler.Init()
C:/Users/ADMINI~1/AppData/Local/Temp/2/bindist550409343/go/src/pkg/runtime/proc.c:220 (0x4137dc)
C:/Users/ADMINI~1/AppData/Local/Temp/2/bindist550409343/go/src/pkg/runtime/proc.c:1394 (0x415aa0)

2013-12-21T14:46:29+08:00 [CRASH] template: admin.layout:37: unexpected EOF G:/go/src/github.com/fuxiaohei/GoInk/app.go:23 (0x428ec3)
	com/fuxiaohei/GoInk.(*Simple).Crash: this.Logger.Error("[CRASH]", e, string(debug.Stack()))
G:/go/src/github.com/fuxiaohei/GoBlog/app/handler/init.go:9 (0x427ed3)
	com/fuxiaohei/GoBlog/app/handler.Init: app.Ink.Crash(e)
G:/go/src/github.com/fuxiaohei/GoBlog/main.go:17 (0x40102a)
	main: handler.Init()
C:/Users/ADMINI~1/AppData/Local/Temp/2/bindist550409343/go/src/pkg/runtime/proc.c:220 (0x4137dc)
C:/Users/ADMINI~1/AppData/Local/Temp/2/bindist550409343/go/src/pkg/runtime/proc.c:1394 (0x415aa0)

2013-12-21T18:31:25+08:00 [ERROR] 503 /admin/meta/ -- 127.0.0.1 Mozilla/5.0 (Windows NT 6.1) AppleWebKit/537.36 (KHTML, like Gecko) Chrome/29.0.1547.66 Safari/537.36 LBBROWSER template: category.html:21: unexpected "}" in operand; missing space? G:/go/src/github.com/fuxiaohei/GoInk/app.go:70 (0x42a057)
	com/fuxiaohei/GoInk.func.002: this.Logger.Error("[ERROR]", http.StatusServiceUnavailable, context.Url, "--", context.Ip, context.UserAgent, e, string(debug.Stack()))
C:/Users/ADMINI~1/AppData/Local/Temp/2/bindist550409343/go/src/pkg/runtime/panic.c:248 (0x411a18)
G:/go/src/github.com/fuxiaohei/GoInk/Core/context.go:196 (0x45d4f9)
	com/fuxiaohei/GoInk/Core.(*Context).Render: panic(e)
G:/go/src/github.com/fuxiaohei/GoBlog/app/handler/admin_category.go:15 (0x42792c)
	com/fuxiaohei/GoBlog/app/handler.AdminCategory: })
G:/go/src/github.com/fuxiaohei/GoInk/app.go:134 (0x42afa5)
	com/fuxiaohei/GoInk.func.004: result := fn(context)
G:/go/src/github.com/fuxiaohei/GoInk/app.go:86 (0x42abc0)
	com/fuxiaohei/GoInk.func.003: this.dispatchFunc(context)
C:/Users/ADMINI~1/AppData/Local/Temp/2/bindist550409343/go/src/pkg/net/http/server.go:1220 (0x481acd)
C:/Users/ADMINI~1/AppData/Local/Temp/2/bindist550409343/go/src/pkg/net/http/server.go:1496 (0x482b4f)
C:/Users/ADMINI~1/AppData/Local/Temp/2/bindist550409343/go/src/pkg/net/http/server.go:1597 (0x483172)
C:/Users/ADMINI~1/AppData/Local/Temp/2/bindist550409343/go/src/pkg/net/http/server.go:1167 (0x4817c0)
C:/Users/ADMINI~1/AppData/Local/Temp/2/bindist550409343/go/src/pkg/runtime/proc.c:1394 (0x415aa0)

2013-12-21T20:20:00+08:00 [ERROR] 503 /admin/category/edit/1.html -- 127.0.0.1 Mozilla/5.0 (Windows NT 6.1) AppleWebKit/537.36 (KHTML, like Gecko) Chrome/29.0.1547.66 Safari/537.36 LBBROWSER open G:\go\src\github.com\fuxiaohei\GoBlog/theme/admin/category_edit.html: The system cannot find the file specified. G:/go/src/github.com/fuxiaohei/GoInk/app.go:70 (0x42a3f7)
	com/fuxiaohei/GoInk.func.002: this.Logger.Error("[ERROR]", http.StatusServiceUnavailable, context.Url, "--", context.Ip, context.UserAgent, e, string(debug.Stack()))
C:/Users/ADMINI~1/AppData/Local/Temp/2/bindist550409343/go/src/pkg/runtime/panic.c:248 (0x411a18)
G:/go/src/github.com/fuxiaohei/GoInk/Core/context.go:196 (0x45d899)
	com/fuxiaohei/GoInk/Core.(*Context).Render: panic(e)
G:/go/src/github.com/fuxiaohei/GoBlog/app/handler/admin_category.go:30 (0x427b2d)
	com/fuxiaohei/GoBlog/app/handler.AdminCategoryEdit: })
G:/go/src/github.com/fuxiaohei/GoInk/app.go:134 (0x42b345)
	com/fuxiaohei/GoInk.func.004: result := fn(context)
G:/go/src/github.com/fuxiaohei/GoInk/app.go:86 (0x42af60)
	com/fuxiaohei/GoInk.func.003: this.dispatchFunc(context)
C:/Users/ADMINI~1/AppData/Local/Temp/2/bindist550409343/go/src/pkg/net/http/server.go:1220 (0x481e6d)
C:/Users/ADMINI~1/AppData/Local/Temp/2/bindist550409343/go/src/pkg/net/http/server.go:1496 (0x482eef)
C:/Users/ADMINI~1/AppData/Local/Temp/2/bindist550409343/go/src/pkg/net/http/server.go:1597 (0x483512)
C:/Users/ADMINI~1/AppData/Local/Temp/2/bindist550409343/go/src/pkg/net/http/server.go:1167 (0x481b60)
C:/Users/ADMINI~1/AppData/Local/Temp/2/bindist550409343/go/src/pkg/runtime/proc.c:1394 (0x415aa0)

2013-12-21T20:22:59+08:00 [ERROR] 503 /admin/category/edit/2.html -- 127.0.0.1 Mozilla/5.0 (Windows NT 6.1) AppleWebKit/537.36 (KHTML, like Gecko) Chrome/29.0.1547.66 Safari/537.36 LBBROWSER open G:\go\src\github.com\fuxiaohei\GoBlog/theme/admin/category_edit.html: The system cannot find the file specified. G:/go/src/github.com/fuxiaohei/GoInk/app.go:70 (0x42a3f7)
	com/fuxiaohei/GoInk.func.002: this.Logger.Error("[ERROR]", http.StatusServiceUnavailable, context.Url, "--", context.Ip, context.UserAgent, e, string(debug.Stack()))
C:/Users/ADMINI~1/AppData/Local/Temp/2/bindist550409343/go/src/pkg/runtime/panic.c:248 (0x411a18)
G:/go/src/github.com/fuxiaohei/GoInk/Core/context.go:196 (0x45d899)
	com/fuxiaohei/GoInk/Core.(*Context).Render: panic(e)
G:/go/src/github.com/fuxiaohei/GoBlog/app/handler/admin_category.go:30 (0x427b2d)
	com/fuxiaohei/GoBlog/app/handler.AdminCategoryEdit: })
G:/go/src/github.com/fuxiaohei/GoInk/app.go:134 (0x42b345)
	com/fuxiaohei/GoInk.func.004: result := fn(context)
G:/go/src/github.com/fuxiaohei/GoInk/app.go:86 (0x42af60)
	com/fuxiaohei/GoInk.func.003: this.dispatchFunc(context)
C:/Users/ADMINI~1/AppData/Local/Temp/2/bindist550409343/go/src/pkg/net/http/server.go:1220 (0x481e6d)
C:/Users/ADMINI~1/AppData/Local/Temp/2/bindist550409343/go/src/pkg/net/http/server.go:1496 (0x482eef)
C:/Users/ADMINI~1/AppData/Local/Temp/2/bindist550409343/go/src/pkg/net/http/server.go:1597 (0x483512)
C:/Users/ADMINI~1/AppData/Local/Temp/2/bindist550409343/go/src/pkg/net/http/server.go:1167 (0x481b60)
C:/Users/ADMINI~1/AppData/Local/Temp/2/bindist550409343/go/src/pkg/runtime/proc.c:1394 (0x415aa0)

2013-12-21T21:45:18+08:00 [ERROR] 503 /admin/category/edit/2.html -- 127.0.0.1 Mozilla/5.0 (Windows NT 6.1) AppleWebKit/537.36 (KHTML, like Gecko) Chrome/29.0.1547.66 Safari/537.36 LBBROWSER open G:\go\src\github.com\fuxiaohei\GoBlog/theme/admin/category_edit.html: The system cannot find the file specified. G:/go/src/github.com/fuxiaohei/GoInk/app.go:70 (0x42a537)
	com/fuxiaohei/GoInk.func.002: this.Logger.Error("[ERROR]", http.StatusServiceUnavailable, context.Url, "--", context.Ip, context.UserAgent, e, string(debug.Stack()))
C:/Users/ADMINI~1/AppData/Local/Temp/2/bindist550409343/go/src/pkg/runtime/panic.c:248 (0x411a18)
G:/go/src/github.com/fuxiaohei/GoInk/Core/context.go:196 (0x45d9d9)
	com/fuxiaohei/GoInk/Core.(*Context).Render: panic(e)
G:/go/src/github.com/fuxiaohei/GoBlog/app/handler/admin_category.go:30 (0x427c6d)
	com/fuxiaohei/GoBlog/app/handler.AdminCategoryEdit: })
G:/go/src/github.com/fuxiaohei/GoInk/app.go:134 (0x42b485)
	com/fuxiaohei/GoInk.func.004: result := fn(context)
G:/go/src/github.com/fuxiaohei/GoInk/app.go:86 (0x42b0a0)
	com/fuxiaohei/GoInk.func.003: this.dispatchFunc(context)
C:/Users/ADMINI~1/AppData/Local/Temp/2/bindist550409343/go/src/pkg/net/http/server.go:1220 (0x481fad)
C:/Users/ADMINI~1/AppData/Local/Temp/2/bindist550409343/go/src/pkg/net/http/server.go:1496 (0x48302f)
C:/Users/ADMINI~1/AppData/Local/Temp/2/bindist550409343/go/src/pkg/net/http/server.go:1597 (0x483652)
C:/Users/ADMINI~1/AppData/Local/Temp/2/bindist550409343/go/src/pkg/net/http/server.go:1167 (0x481ca0)
C:/Users/ADMINI~1/AppData/Local/Temp/2/bindist550409343/go/src/pkg/runtime/proc.c:1394 (0x415aa0)

2013-12-22T00:24:38+08:00 [LOG] POST 404 /admin/category/new/ -- 127.0.0.1 Mozilla/5.0 (Windows NT 6.1) AppleWebKit/537.36 (KHTML, like Gecko) Chrome/29.0.1547.66 Safari/537.36 LBBROWSER
2013-12-22T00:35:22+08:00 [LOG] POST 404 /admin/meta/ -- 127.0.0.1 Mozilla/5.0 (Windows NT 6.1) AppleWebKit/537.36 (KHTML, like Gecko) Chrome/29.0.1547.66 Safari/537.36 LBBROWSER
2013-12-22T00:36:38+08:00 [LOG] POST 404 /admin/meta/ -- 127.0.0.1 Mozilla/5.0 (Windows NT 6.1) AppleWebKit/537.36 (KHTML, like Gecko) Chrome/29.0.1547.66 Safari/537.36 LBBROWSER
2013-12-22T00:38:49+08:00 [LOG] POST 404 /admin/meta/ -- 127.0.0.1 Mozilla/5.0 (Windows NT 6.1) AppleWebKit/537.36 (KHTML, like Gecko) Chrome/29.0.1547.66 Safari/537.36 LBBROWSER
2013-12-22T00:38:58+08:00 [LOG] POST 404 /admin/meta/ -- 127.0.0.1 Mozilla/5.0 (Windows NT 6.1) AppleWebKit/537.36 (KHTML, like Gecko) Chrome/29.0.1547.66 Safari/537.36 LBBROWSER
2013-12-22T16:03:54+08:00 [LOG] POST 404 /admin/meta/ -- 127.0.0.1 Mozilla/5.0 (Windows NT 6.1) AppleWebKit/537.36 (KHTML, like Gecko) Chrome/29.0.1547.66 Safari/537.36 LBBROWSER
2013-12-22T16:04:40+08:00 [LOG] POST 404 /admin/meta/ -- 127.0.0.1 Mozilla/5.0 (Windows NT 6.1) AppleWebKit/537.36 (KHTML, like Gecko) Chrome/29.0.1547.66 Safari/537.36 LBBROWSER
2013-12-23T23:34:26+08:00 [ERROR] 503 /admin/article/new/ -- 127.0.0.1 Mozilla/5.0 (Windows NT 6.1) AppleWebKit/537.36 (KHTML, like Gecko) Chrome/29.0.1547.66 Safari/537.36 LBBROWSER runtime error: invalid memory address or nil pointer dereference G:/go/src/github.com/fuxiaohei/GoInk/app.go:70 (0x42d117)
	com/fuxiaohei/GoInk.func.002: this.Logger.Error("[ERROR]", http.StatusServiceUnavailable, context.Url, "--", context.Ip, context.UserAgent, e, string(debug.Stack()))
C:/Users/ADMINI~1/AppData/Local/Temp/2/bindist550409343/go/src/pkg/runtime/panic.c:248 (0x411a18)
C:/Users/ADMINI~1/AppData/Local/Temp/2/bindist550409343/go/src/pkg/runtime/panic.c:482 (0x41220e)
C:/Users/ADMINI~1/AppData/Local/Temp/2/bindist550409343/go/src/pkg/runtime/os_windows.c:337 (0x410c34)
G:/go/src/github.com/fuxiaohei/GoBlog/app/model/article.go:139 (0x42421a)
	com/fuxiaohei/GoBlog/app/model.(*ArticleModel).SaveArticle: if res.LastInsertId > 0 {
G:/go/src/github.com/fuxiaohei/GoBlog/app/handler/admin_article.go:32 (0x429779)
	com/fuxiaohei/GoBlog/app/handler.AdminArticleNewPost: article = model.ArticleM.SaveArticle(article)
G:/go/src/github.com/fuxiaohei/GoInk/app.go:138 (0x42e0a3)
	com/fuxiaohei/GoInk.func.004: result := fn(context)
G:/go/src/github.com/fuxiaohei/GoInk/app.go:86 (0x42dc80)
	com/fuxiaohei/GoInk.func.003: this.dispatchFunc(context)
C:/Users/ADMINI~1/AppData/Local/Temp/2/bindist550409343/go/src/pkg/net/http/server.go:1220 (0x484d7d)
C:/Users/ADMINI~1/AppData/Local/Temp/2/bindist550409343/go/src/pkg/net/http/server.go:1496 (0x485dff)
C:/Users/ADMINI~1/AppData/Local/Temp/2/bindist550409343/go/src/pkg/net/http/server.go:1597 (0x486422)
C:/Users/ADMINI~1/AppData/Local/Temp/2/bindist550409343/go/src/pkg/net/http/server.go:1167 (0x484a70)
C:/Users/ADMINI~1/AppData/Local/Temp/2/bindist550409343/go/src/pkg/runtime/proc.c:1394 (0x415aa0)

2013-12-23T23:35:13+08:00 [ERROR] 503 /admin/article/new/ -- 127.0.0.1 Mozilla/5.0 (Windows NT 6.1) AppleWebKit/537.36 (KHTML, like Gecko) Chrome/29.0.1547.66 Safari/537.36 LBBROWSER runtime error: invalid memory address or nil pointer dereference G:/go/src/github.com/fuxiaohei/GoInk/app.go:70 (0x42d1a7)
	com/fuxiaohei/GoInk.func.002: this.Logger.Error("[ERROR]", http.StatusServiceUnavailable, context.Url, "--", context.Ip, context.UserAgent, e, string(debug.Stack()))
C:/Users/ADMINI~1/AppData/Local/Temp/2/bindist550409343/go/src/pkg/runtime/panic.c:248 (0x411a18)
C:/Users/ADMINI~1/AppData/Local/Temp/2/bindist550409343/go/src/pkg/runtime/panic.c:482 (0x41220e)
C:/Users/ADMINI~1/AppData/Local/Temp/2/bindist550409343/go/src/pkg/runtime/os_windows.c:337 (0x410c34)
G:/go/src/github.com/fuxiaohei/GoBlog/app/model/article.go:140 (0x4242a8)
	com/fuxiaohei/GoBlog/app/model.(*ArticleModel).SaveArticle: if res.LastInsertId > 0 {
G:/go/src/github.com/fuxiaohei/GoBlog/app/handler/admin_article.go:32 (0x429809)
	com/fuxiaohei/GoBlog/app/handler.AdminArticleNewPost: article = model.ArticleM.SaveArticle(article)
G:/go/src/github.com/fuxiaohei/GoInk/app.go:138 (0x42e133)
	com/fuxiaohei/GoInk.func.004: result := fn(context)
G:/go/src/github.com/fuxiaohei/GoInk/app.go:86 (0x42dd10)
	com/fuxiaohei/GoInk.func.003: this.dispatchFunc(context)
C:/Users/ADMINI~1/AppData/Local/Temp/2/bindist550409343/go/src/pkg/net/http/server.go:1220 (0x484e0d)
C:/Users/ADMINI~1/AppData/Local/Temp/2/bindist550409343/go/src/pkg/net/http/server.go:1496 (0x485e8f)
C:/Users/ADMINI~1/AppData/Local/Temp/2/bindist550409343/go/src/pkg/net/http/server.go:1597 (0x4864b2)
C:/Users/ADMINI~1/AppData/Local/Temp/2/bindist550409343/go/src/pkg/net/http/server.go:1167 (0x484b00)
C:/Users/ADMINI~1/AppData/Local/Temp/2/bindist550409343/go/src/pkg/runtime/proc.c:1394 (0x415aa0)

2013-12-24T00:15:24+08:00 [ERROR] 503 /admin/article/new/ -- 127.0.0.1 Mozilla/5.0 (Windows NT 6.1) AppleWebKit/537.36 (KHTML, like Gecko) Chrome/29.0.1547.66 Safari/537.36 LBBROWSER runtime error: assignment to entry in nil map G:/go/src/github.com/fuxiaohei/GoInk/app.go:70 (0x42db87)
	com/fuxiaohei/GoInk.func.002: this.Logger.Error("[ERROR]", http.StatusServiceUnavailable, context.Url, "--", context.Ip, context.UserAgent, e, string(debug.Stack()))
C:/Users/ADMINI~1/AppData/Local/Temp/2/bindist550409343/go/src/pkg/runtime/panic.c:248 (0x411a18)
C:/Users/ADMINI~1/AppData/Local/Temp/2/bindist550409343/go/src/pkg/runtime/panic.c:482 (0x41220e)
C:/Users/ADMINI~1/AppData/Local/Temp/2/bindist550409343/go/src/pkg/runtime/hashmap.c:1139 (0x407aab)
G:/go/src/github.com/fuxiaohei/GoBlog/app/model/article.go:126 (0x423df6)
	com/fuxiaohei/GoBlog/app/model.(*ArticleModel).GetPaged: all, _ := strconv.Atoi(res.Data[0]["c"])
G:/go/src/github.com/fuxiaohei/GoBlog/app/handler/admin_article.go:13 (0x429a51)
	com/fuxiaohei/GoBlog/app/handler.AdminArticleNew: fmt.Println(model.ArticleM.GetPaged(1, 10, false))
G:/go/src/github.com/fuxiaohei/GoInk/app.go:138 (0x42eb13)
	com/fuxiaohei/GoInk.func.004: result := fn(context)
G:/go/src/github.com/fuxiaohei/GoInk/app.go:86 (0x42e6f0)
	com/fuxiaohei/GoInk.func.003: this.dispatchFunc(context)
C:/Users/ADMINI~1/AppData/Local/Temp/2/bindist550409343/go/src/pkg/net/http/server.go:1220 (0x485a8d)
C:/Users/ADMINI~1/AppData/Local/Temp/2/bindist550409343/go/src/pkg/net/http/server.go:1496 (0x486b0f)
C:/Users/ADMINI~1/AppData/Local/Temp/2/bindist550409343/go/src/pkg/net/http/server.go:1597 (0x487132)
C:/Users/ADMINI~1/AppData/Local/Temp/2/bindist550409343/go/src/pkg/net/http/server.go:1167 (0x485780)
C:/Users/ADMINI~1/AppData/Local/Temp/2/bindist550409343/go/src/pkg/runtime/proc.c:1394 (0x415aa0)

